13:52:46 **** Incremental Build of configuration Nios II for project 303_2 ****
make all 
Info: Building ../303_2_bsp/
C:/intelFPGA/18.1/nios2eds/bin/gnu/H-x86_64-mingw32/bin/make --no-print-directory -C ../303_2_bsp/
[BSP build complete]
Info: Compiling main.c to obj/default/main.o
nios2-elf-gcc -xc -MP -MMD -c -I../303_2_bsp//HAL/inc -I../303_2_bsp/ -I../303_2_bsp//drivers/inc  -pipe -D__hal__ -DALT_NO_INSTRUCTION_EMULATION -DALT_SINGLE_THREADED    -O0 -g -Wall   -mno-hw-div -mhw-mul -mno-hw-mulx -mgpopt=global  -o obj/default/main.o main.c
main.c: In function 'scchart_interrupt':
main.c:35:3: error: 't' undeclared (first use in this function)
   t.AS = sc_as;
   ^
main.c:35:3: note: each undeclared identifier is reported only once for each function it appears in
main.c:35:10: error: 'sc_as' undeclared (first use in this function)
   t.AS = sc_as;
          ^
main.c:36:10: error: 'sc_vs' undeclared (first use in this function)
   t.VS = sc_vs;
          ^
main.c: In function 'main':
main.c:63:21: warning: passing argument 1 of 'alt_alarm_start' discards 'volatile' qualifier from pointer target type [-Wdiscarded-qualifiers]
     alt_alarm_start(&scchart_timer, 1, scchart_interrupt, NULL);
                     ^
In file included from main.c:9:0:
../303_2_bsp//HAL/inc/sys/alt_alarm.h:67:12: note: expected 'alt_alarm * {aka struct alt_alarm_s *}' but argument is of type 'volatile alt_alarm * {aka volatile struct alt_alarm_s *}'
 extern int alt_alarm_start (alt_alarm* the_alarm, 
            ^
main.c:105:22: warning: passing argument 1 of 'uart_rx' discards 'volatile' qualifier from pointer target type [-Wdiscarded-qualifiers]
             uart_rx( & char_recieve);
                      ^
In file included from main.c:11:0:
uart.h:12:5: note: expected 'char *' but argument is of type 'volatile char *'
 int uart_rx(char * character_to_receive);
     ^
make: *** [obj/default/main.o] Error 1
13:53:05 **** Build of configuration Nios II for project 303_2 ****
make all 
Info: Building ../303_2_bsp/
C:/intelFPGA/18.1/nios2eds/bin/gnu/H-x86_64-mingw32/bin/make --no-print-directory -C ../303_2_bsp/
[BSP build complete]
Info: Compiling main.c to obj/default/main.o
nios2-elf-gcc -xc -MP -MMD -c -I../303_2_bsp//HAL/inc -I../303_2_bsp/ -I../303_2_bsp//drivers/inc  -pipe -D__hal__ -DALT_NO_INSTRUCTION_EMULATION -DALT_SINGLE_THREADED    -O0 -g -Wall   -mno-hw-div -mhw-mul -mno-hw-mulx -mgpopt=global  -o obj/default/main.o main.c
main.c: In function 'scchart_interrupt':
main.c:35:3: error: 't' undeclared (first use in this function)
   t.AS = sc_as;
   ^
main.c:35:3: note: each undeclared identifier is reported only once for each function it appears in
main.c:35:10: error: 'sc_as' undeclared (first use in this function)
   t.AS = sc_as;
          ^
main.c:36:10: error: 'sc_vs' undeclared (first use in this function)
   t.VS = sc_vs;
          ^
main.c: In function 'main':
main.c:63:21: warning: passing argument 1 of 'alt_alarm_start' discards 'volatile' qualifier from pointer target type [-Wdiscarded-qualifiers]
     alt_alarm_start(&scchart_timer, 1, scchart_interrupt, NULL);
                     ^
In file included from main.c:9:0:
../303_2_bsp//HAL/inc/sys/alt_alarm.h:67:12: note: expected 'alt_alarm * {aka struct alt_alarm_s *}' but argument is of type 'volatile alt_alarm * {aka volatile struct alt_alarm_s *}'
 extern int alt_alarm_start (alt_alarm* the_alarm, 
            ^
make: *** [obj/default/main.o] Error 1
13:53:06 **** Incremental Build of configuration Nios II for project 303_2 ****
make all 
Info: Building ../303_2_bsp/
C:/intelFPGA/18.1/nios2eds/bin/gnu/H-x86_64-mingw32/bin/make --no-print-directory -C ../303_2_bsp/
[BSP build complete]
Info: Compiling main.c to obj/default/main.o
nios2-elf-gcc -xc -MP -MMD -c -I../303_2_bsp//HAL/inc -I../303_2_bsp/ -I../303_2_bsp//drivers/inc  -pipe -D__hal__ -DALT_NO_INSTRUCTION_EMULATION -DALT_SINGLE_THREADED    -O0 -g -Wall   -mno-hw-div -mhw-mul -mno-hw-mulx -mgpopt=global  -o obj/default/main.o main.c
main.c: In function 'scchart_interrupt':
main.c:35:3: error: 't' undeclared (first use in this function)
   t.AS = sc_as;
   ^
main.c:35:3: note: each undeclared identifier is reported only once for each function it appears in
main.c:35:10: error: 'sc_as' undeclared (first use in this function)
   t.AS = sc_as;
          ^
main.c:36:10: error: 'sc_vs' undeclared (first use in this function)
   t.VS = sc_vs;
          ^
main.c: In function 'main':
main.c:63:21: warning: passing argument 1 of 'alt_alarm_start' discards 'volatile' qualifier from pointer target type [-Wdiscarded-qualifiers]
     alt_alarm_start(&scchart_timer, 1, scchart_interrupt, NULL);
                     ^
In file included from main.c:9:0:
../303_2_bsp//HAL/inc/sys/alt_alarm.h:67:12: note: expected 'alt_alarm * {aka struct alt_alarm_s *}' but argument is of type 'volatile alt_alarm * {aka volatile struct alt_alarm_s *}'
 extern int alt_alarm_start (alt_alarm* the_alarm, 
            ^
make: *** [obj/default/main.o] Error 1
13:53:39 **** Build of configuration Nios II for project 303_2 ****
make all 
Info: Building ../303_2_bsp/
C:/intelFPGA/18.1/nios2eds/bin/gnu/H-x86_64-mingw32/bin/make --no-print-directory -C ../303_2_bsp/
[BSP build complete]
Info: Compiling main.c to obj/default/main.o
nios2-elf-gcc -xc -MP -MMD -c -I../303_2_bsp//HAL/inc -I../303_2_bsp/ -I../303_2_bsp//drivers/inc  -pipe -D__hal__ -DALT_NO_INSTRUCTION_EMULATION -DALT_SINGLE_THREADED    -O0 -g -Wall   -mno-hw-div -mhw-mul -mno-hw-mulx -mgpopt=global  -o obj/default/main.o main.c
main.c: In function 'scchart_interrupt':
main.c:37:3: error: 't' undeclared (first use in this function)
   t.AS = sc_as;
   ^
main.c:37:3: note: each undeclared identifier is reported only once for each function it appears in
main.c: In function 'main':
main.c:65:21: warning: passing argument 1 of 'alt_alarm_start' discards 'volatile' qualifier from pointer target type [-Wdiscarded-qualifiers]
     alt_alarm_start(&scchart_timer, 1, scchart_interrupt, NULL);
                     ^
In file included from main.c:9:0:
../303_2_bsp//HAL/inc/sys/alt_alarm.h:67:12: note: expected 'alt_alarm * {aka struct alt_alarm_s *}' but argument is of type 'volatile alt_alarm * {aka volatile struct alt_alarm_s *}'
 extern int alt_alarm_start (alt_alarm* the_alarm, 
            ^
main.c:107:22: warning: passing argument 1 of 'uart_rx' discards 'volatile' qualifier from pointer target type [-Wdiscarded-qualifiers]
             uart_rx( &char_recieve);
                      ^
In file included from main.c:11:0:
uart.h:12:5: note: expected 'char *' but argument is of type 'volatile char *'
 int uart_rx(char * character_to_receive);
     ^
make: *** [obj/default/main.o] Error 1
13:53:39 **** Incremental Build of configuration Nios II for project 303_2 ****
make all 
Info: Building ../303_2_bsp/
C:/intelFPGA/18.1/nios2eds/bin/gnu/H-x86_64-mingw32/bin/make --no-print-directory -C ../303_2_bsp/
[BSP build complete]
Info: Compiling main.c to obj/default/main.o
nios2-elf-gcc -xc -MP -MMD -c -I../303_2_bsp//HAL/inc -I../303_2_bsp/ -I../303_2_bsp//drivers/inc  -pipe -D__hal__ -DALT_NO_INSTRUCTION_EMULATION -DALT_SINGLE_THREADED    -O0 -g -Wall   -mno-hw-div -mhw-mul -mno-hw-mulx -mgpopt=global  -o obj/default/main.o main.c
main.c: In function 'scchart_interrupt':
main.c:37:3: error: 't' undeclared (first use in this function)
   t.AS = sc_as;
   ^
main.c:37:3: note: each undeclared identifier is reported only once for each function it appears in
main.c: In function 'main':
main.c:65:21: warning: passing argument 1 of 'alt_alarm_start' discards 'volatile' qualifier from pointer target type [-Wdiscarded-qualifiers]
     alt_alarm_start(&scchart_timer, 1, scchart_interrupt, NULL);
                     ^
In file included from main.c:9:0:
../303_2_bsp//HAL/inc/sys/alt_alarm.h:67:12: note: expected 'alt_alarm * {aka struct alt_alarm_s *}' but argument is of type 'volatile alt_alarm * {aka volatile struct alt_alarm_s *}'
 extern int alt_alarm_start (alt_alarm* the_alarm, 
            ^
main.c:107:22: warning: passing argument 1 of 'uart_rx' discards 'volatile' qualifier from pointer target type [-Wdiscarded-qualifiers]
             uart_rx( &char_recieve);
                      ^
In file included from main.c:11:0:
uart.h:12:5: note: expected 'char *' but argument is of type 'volatile char *'
 int uart_rx(char * character_to_receive);
     ^
make: *** [obj/default/main.o] Error 1
13:54:06 **** Build of configuration Nios II for project 303_2 ****
make all 
Info: Building ../303_2_bsp/
C:/intelFPGA/18.1/nios2eds/bin/gnu/H-x86_64-mingw32/bin/make --no-print-directory -C ../303_2_bsp/
[BSP build complete]
Info: Compiling main.c to obj/default/main.o
nios2-elf-gcc -xc -MP -MMD -c -I../303_2_bsp//HAL/inc -I../303_2_bsp/ -I../303_2_bsp//drivers/inc  -pipe -D__hal__ -DALT_NO_INSTRUCTION_EMULATION -DALT_SINGLE_THREADED    -O0 -g -Wall   -mno-hw-div -mhw-mul -mno-hw-mulx -mgpopt=global  -o obj/default/main.o main.c
main.c: In function 'scchart_interrupt':
main.c:41:9: warning: passing argument 1 of 'tick' discards 'volatile' qualifier from pointer target type [-Wdiscarded-qualifiers]
   tick( & t);
         ^
In file included from main.c:8:0:
scchart_heart.h:378:6: note: expected 'TickData * {aka struct <anonymous> *}' but argument is of type 'volatile TickData * {aka volatile struct <anonymous> *}'
 void tick(TickData* d);
      ^
main.c: In function 'main':
main.c:58:12: warning: passing argument 1 of 'reset' discards 'volatile' qualifier from pointer target type [-Wdiscarded-qualifiers]
     reset( & t);
            ^
In file included from main.c:8:0:
scchart_heart.h:376:6: note: expected 'TickData * {aka struct <anonymous> *}' but argument is of type 'volatile TickData * {aka volatile struct <anonymous> *}'
 void reset(TickData* d);
      ^
main.c:65:21: warning: passing argument 1 of 'alt_alarm_start' discards 'volatile' qualifier from pointer target type [-Wdiscarded-qualifiers]
     alt_alarm_start(&scchart_timer, 1, scchart_interrupt, NULL);
                     ^
In file included from main.c:9:0:
../303_2_bsp//HAL/inc/sys/alt_alarm.h:67:12: note: expected 'alt_alarm * {aka struct alt_alarm_s *}' but argument is of type 'volatile alt_alarm * {aka volatile struct alt_alarm_s *}'
 extern int alt_alarm_start (alt_alarm* the_alarm, 
            ^
main.c:107:22: warning: passing argument 1 of 'uart_rx' discards 'volatile' qualifier from pointer target type [-Wdiscarded-qualifiers]
             uart_rx( &char_recieve);
                      ^
In file included from main.c:11:0:
uart.h:12:5: note: expected 'char *' but argument is of type 'volatile char *'
 int uart_rx(char * character_to_receive);
     ^
Info: Linking 303_2.elf
nios2-elf-g++  -T'../303_2_bsp//linker.x' -msys-crt0='../303_2_bsp//obj/HAL/src/crt0.o' -msys-lib=hal_bsp -L../303_2_bsp/   -Wl,-Map=303_2.map   -O0 -g -Wall   -mno-hw-div -mhw-mul -mno-hw-mulx -mgpopt=global  -o 303_2.elf obj/default/c_heart.o obj/default/main.o obj/default/scchart_heart.o obj/default/uart.o -lm -msys-lib=m
nios2-elf-insert 303_2.elf --thread_model hal --cpu_name cpu --qsys true --simulation_enabled false --stderr_dev jtag_uart --stdin_dev jtag_uart --stdout_dev jtag_uart --sopc_system_name nios2_system --quartus_project_dir "C:/TEMP/303_stuff/DE2-115" --sopcinfo C:/TEMP/303_stuff/DE2-115/software/303_2_bsp/../../nios2_system.sopcinfo
Info: (303_2.elf) 59 KBytes program size (code + initialized data).
Info:             8126 KBytes free for stack + heap.
Info: Creating 303_2.objdump
nios2-elf-objdump --disassemble --syms --all-header --source 303_2.elf >303_2.objdump
[303_2 build complete]
13:54:12 **** Incremental Build of configuration Nios II for project 303_2 ****
make all 
Info: Building ../303_2_bsp/
C:/intelFPGA/18.1/nios2eds/bin/gnu/H-x86_64-mingw32/bin/make --no-print-directory -C ../303_2_bsp/
[BSP build complete]
[303_2 build complete]
