14:41:36 **** Incremental Build of configuration Nios II for project 303_actual ****
make all 
Info: Building ../303_actual_bsp/
C:/intelFPGA/18.1/nios2eds/bin/gnu/H-x86_64-mingw32/bin/make --no-print-directory -C ../303_actual_bsp/
[BSP build complete]
Info: Compiling main.c to obj/default/main.o
nios2-elf-gcc -xc -MP -MMD -c -I../303_actual_bsp//HAL/inc -I../303_actual_bsp/ -I../303_actual_bsp//drivers/inc  -pipe -D__hal__ -DALT_NO_INSTRUCTION_EMULATION -DALT_SINGLE_THREADED    -O0 -g -Wall   -mno-hw-div -mhw-mul -mno-hw-mulx -mgpopt=global  -o obj/default/main.o main.c
main.c: In function 'main':
main.c:114:17: warning: passing argument 1 of 'fwrite' makes pointer from integer without a cast [-Wint-conversion]
         fwrite ('V', 1, 1, fp);
                 ^
In file included from c:\intelfpga\18.1\nios2eds\bin\gnu\h-x86_64-mingw32\nios2-elf\include\stdio.h:29:0,
                 from main.c:17:
c:\intelfpga\18.1\nios2eds\bin\gnu\h-x86_64-mingw32\nios2-elf\include\stdio.h:239:8: note: expected 'const void * restrict' but argument is of type 'int'
 size_t _EXFUN(fwrite, (const _PTR __restrict , size_t _size, size_t _n, FILE *));
        ^
main.c:114:28: warning: passing argument 4 of 'fwrite' discards 'volatile' qualifier from pointer target type [-Wdiscarded-qualifiers]
         fwrite ('V', 1, 1, fp);
                            ^
In file included from c:\intelfpga\18.1\nios2eds\bin\gnu\h-x86_64-mingw32\nios2-elf\include\stdio.h:29:0,
                 from main.c:17:
c:\intelfpga\18.1\nios2eds\bin\gnu\h-x86_64-mingw32\nios2-elf\include\stdio.h:239:8: note: expected 'FILE * {aka struct __sFILE *}' but argument is of type 'volatile FILE * {aka volatile struct __sFILE *}'
 size_t _EXFUN(fwrite, (const _PTR __restrict , size_t _size, size_t _n, FILE *));
        ^
main.c:118:18: warning: passing argument 1 of 'fwrite' makes pointer from integer without a cast [-Wint-conversion]
          fwrite ('A', 1, 1, fp);
                  ^
In file included from c:\intelfpga\18.1\nios2eds\bin\gnu\h-x86_64-mingw32\nios2-elf\include\stdio.h:29:0,
                 from main.c:17:
c:\intelfpga\18.1\nios2eds\bin\gnu\h-x86_64-mingw32\nios2-elf\include\stdio.h:239:8: note: expected 'const void * restrict' but argument is of type 'int'
 size_t _EXFUN(fwrite, (const _PTR __restrict , size_t _size, size_t _n, FILE *));
        ^
main.c:118:29: warning: passing argument 4 of 'fwrite' discards 'volatile' qualifier from pointer target type [-Wdiscarded-qualifiers]
          fwrite ('A', 1, 1, fp);
                             ^
In file included from c:\intelfpga\18.1\nios2eds\bin\gnu\h-x86_64-mingw32\nios2-elf\include\stdio.h:29:0,
                 from main.c:17:
c:\intelfpga\18.1\nios2eds\bin\gnu\h-x86_64-mingw32\nios2-elf\include\stdio.h:239:8: note: expected 'FILE * {aka struct __sFILE *}' but argument is of type 'volatile FILE * {aka volatile struct __sFILE *}'
 size_t _EXFUN(fwrite, (const _PTR __restrict , size_t _size, size_t _n, FILE *));
        ^
Info: Linking 303_actual.elf
nios2-elf-g++  -T'../303_actual_bsp//linker.x' -msys-crt0='../303_actual_bsp//obj/HAL/src/crt0.o' -msys-lib=hal_bsp -L../303_actual_bsp/   -Wl,-Map=303_actual.map   -O0 -g -Wall   -mno-hw-div -mhw-mul -mno-hw-mulx -mgpopt=global  -o 303_actual.elf obj/default/c_heart.o obj/default/main.o obj/default/scchart_heart.o -lm -msys-lib=m
nios2-elf-insert 303_actual.elf --thread_model hal --cpu_name cpu --qsys true --simulation_enabled false --stderr_dev jtag_uart --stdin_dev jtag_uart --stdout_dev jtag_uart --sopc_system_name nios2_system --quartus_project_dir "C:/TEMP/Newfolder/303_stuff/DE2-115" --sopcinfo C:/TEMP/Newfolder/303_stuff/DE2-115/software/303_actual_bsp/../../nios2_system.sopcinfo
Info: (303_actual.elf) 73 KBytes program size (code + initialized data).
Info:                  8111 KBytes free for stack + heap.
Info: Creating 303_actual.objdump
nios2-elf-objdump --disassemble --syms --all-header --source 303_actual.elf >303_actual.objdump
[303_actual build complete]
14:41:50 **** Incremental Build of configuration Nios II for project 303_actual ****
make all 
Info: Building ../303_actual_bsp/
C:/intelFPGA/18.1/nios2eds/bin/gnu/H-x86_64-mingw32/bin/make --no-print-directory -C ../303_actual_bsp/
[BSP build complete]
[303_actual build complete]
14:59:23 **** Incremental Build of configuration Nios II for project 303_actual ****
make all 
Info: Building ../303_actual_bsp/
C:/intelFPGA/18.1/nios2eds/bin/gnu/H-x86_64-mingw32/bin/make --no-print-directory -C ../303_actual_bsp/
[BSP build complete]
[303_actual build complete]
15:00:00 **** Incremental Build of configuration Nios II for project 303_actual ****
make all 
Info: Building ../303_actual_bsp/
C:/intelFPGA/18.1/nios2eds/bin/gnu/H-x86_64-mingw32/bin/make --no-print-directory -C ../303_actual_bsp/
[BSP build complete]
[303_actual build complete]
